{
  "RSpec": {
    "coverage": {
      "/home/ubuntu/workspace/SaaSquatches/CourseAssignmentSystem-master/app/helpers/application_helper.rb": [
        1,
        null,
        null
      ],
      "/home/ubuntu/workspace/SaaSquatches/CourseAssignmentSystem-master/app/helpers/conflict_checker_helper.rb": [
        null,
        null,
        null,
        1,
        null,
        null,
        null,
        1,
        4,
        4,
        4,
        4,
        4,
        null,
        null,
        null,
        null,
        null,
        null,
        1,
        1,
        1,
        1,
        1,
        1,
        null,
        null,
        null,
        null,
        null,
        null,
        null,
        1,
        1,
        1,
        1,
        1,
        1,
        1,
        1,
        1,
        1,
        null,
        1,
        0,
        0,
        null,
        1,
        0,
        null,
        1,
        null,
        null,
        null,
        null,
        null,
        null,
        null,
        1,
        4,
        4,
        4,
        4,
        4,
        null,
        null,
        null,
        null,
        null,
        null,
        1,
        4,
        4,
        4,
        4,
        4,
        4,
        null,
        null,
        0,
        null,
        0,
        null,
        null,
        null,
        null,
        null,
        1,
        4,
        4,
        4,
        4,
        4,
        null,
        null,
        null,
        null,
        null,
        null,
        1,
        7,
        7,
        7,
        7,
        7,
        null,
        null,
        null,
        null,
        null,
        null,
        null,
        null,
        null,
        null,
        1,
        3,
        3,
        3,
        3,
        3,
        3,
        3,
        null,
        3,
        3,
        3,
        3,
        3,
        3,
        null,
        null,
        null,
        0,
        null,
        null,
        null,
        null,
        null,
        1,
        1,
        1,
        1,
        1,
        1,
        null,
        null,
        null,
        null,
        null,
        null,
        1,
        null,
        3,
        3,
        3,
        null,
        3,
        3,
        null,
        null,
        null,
        null,
        null,
        null,
        null,
        null,
        1,
        3,
        0,
        null,
        3,
        3,
        null,
        0,
        null,
        null,
        null,
        null,
        null,
        null,
        null,
        null
      ],
      "/home/ubuntu/workspace/SaaSquatches/CourseAssignmentSystem-master/app/helpers/conflict_suggestion_helper.rb": [
        1,
        null
      ],
      "/home/ubuntu/workspace/SaaSquatches/CourseAssignmentSystem-master/app/helpers/faculty_page_helper.rb": [
        1,
        null
      ],
      "/home/ubuntu/workspace/SaaSquatches/CourseAssignmentSystem-master/app/helpers/sessions_helper.rb": [
        1,
        null
      ],
      "/home/ubuntu/workspace/SaaSquatches/CourseAssignmentSystem-master/app/helpers/user_helper.rb": [
        1,
        null
      ],
      "/home/ubuntu/workspace/SaaSquatches/CourseAssignmentSystem-master/app/helpers/users_helper.rb": [
        1,
        null
      ],
      "/home/ubuntu/workspace/SaaSquatches/CourseAssignmentSystem-master/app/controllers/class_controller.rb": [
        1,
        1,
        null,
        null,
        null,
        null,
        null,
        null,
        null,
        1,
        2,
        1,
        1,
        1,
        1,
        1,
        1,
        1,
        1,
        1,
        null,
        null,
        null,
        null,
        null,
        1,
        1,
        null,
        null,
        null,
        null,
        null,
        1,
        1,
        1,
        1,
        null,
        null,
        null,
        null,
        null,
        1,
        1,
        1,
        1,
        null,
        null,
        null,
        null,
        null,
        1,
        1,
        1,
        1,
        null,
        null,
        null,
        null,
        null,
        null,
        1,
        1,
        0,
        null,
        1,
        1,
        null,
        1,
        null,
        null,
        null,
        null,
        1,
        1,
        1,
        1,
        1,
        null,
        null,
        null,
        null,
        1,
        1,
        0,
        null,
        1,
        1,
        1,
        1,
        1,
        null,
        1,
        null,
        null,
        null
      ],
      "/home/ubuntu/workspace/SaaSquatches/CourseAssignmentSystem-master/app/controllers/application_controller.rb": [
        1,
        null,
        null,
        1,
        1,
        1,
        2,
        0,
        null,
        null,
        null,
        null,
        1,
        null,
        1,
        0,
        null,
        null,
        null,
        null,
        1,
        0,
        0,
        null,
        null,
        1,
        null,
        0,
        null,
        null,
        null
      ],
      "/home/ubuntu/workspace/SaaSquatches/CourseAssignmentSystem-master/app/controllers/conflict_checker_controller.rb": [
        null,
        null,
        null,
        1,
        null,
        1,
        null,
        null,
        1,
        null,
        2,
        0,
        0,
        null,
        2,
        null,
        2,
        null,
        2,
        null,
        2,
        null,
        2,
        2,
        2,
        2,
        null,
        2,
        null,
        1,
        1,
        1,
        1,
        1,
        1,
        null,
        1,
        1,
        1,
        1,
        null,
        null,
        1,
        1,
        1,
        1,
        null,
        null,
        null,
        null,
        null,
        null,
        1,
        null,
        1,
        null,
        1,
        1,
        null,
        1,
        null,
        null,
        1,
        null,
        1,
        null,
        1,
        1,
        null,
        1,
        null,
        1,
        null,
        1,
        1,
        1,
        null,
        1,
        1,
        1,
        1,
        1,
        1,
        null,
        1,
        1,
        null,
        1,
        1,
        1,
        null,
        1,
        1,
        null,
        1,
        1,
        null,
        1,
        1,
        null,
        null,
        null,
        null,
        1,
        1,
        null,
        1,
        1,
        null,
        null,
        null,
        null,
        1,
        1,
        null,
        1,
        1,
        null,
        null,
        null,
        null,
        null,
        null,
        null,
        null,
        null,
        1,
        null,
        1,
        1,
        1,
        null,
        null,
        null,
        1,
        1,
        1,
        1,
        null,
        null,
        null,
        null,
        1,
        1,
        1,
        null,
        1,
        null,
        null,
        3,
        null,
        3,
        3,
        null,
        3,
        null,
        3,
        null,
        3,
        3,
        3,
        null,
        0,
        null,
        null,
        3,
        null,
        3,
        null,
        3,
        null,
        3,
        3,
        null,
        null,
        null,
        1,
        null,
        null,
        null,
        null,
        null,
        null
      ],
      "/home/ubuntu/workspace/SaaSquatches/CourseAssignmentSystem-master/app/controllers/conflict_suggestion_controller.rb": [
        1,
        null
      ],
      "/home/ubuntu/workspace/SaaSquatches/CourseAssignmentSystem-master/app/controllers/course_assignments_controller.rb": [
        null,
        null,
        1,
        1,
        null,
        null,
        null,
        null,
        1,
        4,
        3,
        3,
        3,
        3,
        3,
        1,
        1,
        1,
        1,
        1,
        1,
        1,
        1,
        1,
        1,
        null,
        1,
        1,
        null,
        1,
        1,
        null,
        null,
        1,
        null,
        null,
        null,
        1,
        1,
        null,
        null,
        null,
        null,
        null,
        1,
        3,
        3,
        3,
        3,
        3,
        3,
        3,
        2,
        2,
        2,
        null,
        3,
        1,
        0,
        null,
        1,
        1,
        1,
        null,
        null,
        2,
        2,
        2,
        2,
        2,
        0,
        null,
        1,
        1,
        1,
        1,
        1,
        1,
        1,
        1,
        null,
        1,
        1,
        1,
        null,
        null,
        3,
        6,
        null,
        null,
        null,
        null,
        null,
        1,
        null,
        2,
        2,
        1,
        null,
        1,
        1,
        1,
        1,
        1,
        1,
        3,
        null,
        null,
        2,
        2,
        null,
        null,
        null,
        null,
        null,
        null,
        1,
        3,
        5,
        2,
        2,
        null,
        0,
        null,
        2,
        2,
        null,
        null,
        1,
        1,
        1,
        null,
        null,
        null,
        null,
        null,
        null,
        1,
        2,
        2,
        1,
        null,
        1,
        null,
        null,
        null,
        null,
        null,
        null,
        null,
        1,
        1,
        1,
        1,
        1,
        0,
        null,
        1,
        2,
        null,
        null,
        1,
        1,
        1,
        1,
        1,
        null,
        0,
        null,
        1,
        2,
        null,
        null,
        null,
        null,
        null,
        null,
        null,
        1,
        2,
        2,
        2,
        1,
        1,
        null,
        0,
        0,
        0,
        null,
        null,
        1,
        1,
        1,
        1,
        1,
        null,
        0,
        null,
        1,
        2,
        null,
        null,
        null,
        null,
        null,
        null,
        null,
        1,
        1,
        1,
        1,
        0,
        0,
        null,
        0,
        0,
        0,
        null,
        null,
        0,
        0,
        0,
        0,
        0,
        null,
        0,
        null,
        0,
        0,
        null,
        null,
        null,
        null,
        null,
        null,
        1,
        1,
        1,
        3,
        3,
        3,
        null,
        null,
        null,
        1,
        null,
        null
      ],
      "/home/ubuntu/workspace/SaaSquatches/CourseAssignmentSystem-master/app/controllers/faculty_courses_controller.rb": [
        null,
        null,
        1,
        null,
        1,
        3,
        2,
        2,
        2,
        2,
        2,
        2,
        2,
        2,
        2,
        2,
        2,
        2,
        1,
        null,
        2,
        1,
        null,
        2,
        1,
        null,
        2,
        1,
        null,
        1,
        null,
        null,
        null,
        1,
        1,
        null,
        null,
        null,
        null,
        null,
        1,
        4,
        3,
        3,
        1,
        1,
        1,
        1,
        1,
        null,
        2,
        null,
        3,
        null,
        1,
        1,
        null,
        null,
        null,
        null,
        null,
        1,
        1,
        1,
        1,
        null,
        null,
        null,
        null,
        null,
        null,
        null,
        1,
        1,
        1,
        1,
        0,
        0,
        null,
        1,
        1,
        1,
        1,
        null,
        null,
        null
      ],
      "/home/ubuntu/workspace/SaaSquatches/CourseAssignmentSystem-master/app/controllers/sessions_controller.rb": [
        1,
        1,
        null,
        null,
        1,
        1,
        1,
        0,
        null,
        null,
        null,
        0,
        0,
        0,
        0,
        0,
        0,
        0,
        0,
        0,
        0,
        0,
        null,
        0,
        0,
        null,
        null,
        null,
        1,
        1,
        null,
        null,
        null,
        null,
        1,
        1,
        1,
        null,
        null
      ],
      "/home/ubuntu/workspace/SaaSquatches/CourseAssignmentSystem-master/app/controllers/users_controller.rb": [
        1,
        1,
        1,
        1,
        null,
        null,
        1,
        null,
        1,
        0,
        0,
        0,
        0,
        null,
        0,
        null,
        0,
        0,
        null,
        0,
        0,
        null,
        null,
        0,
        0,
        null,
        null,
        null,
        null,
        null,
        null,
        null,
        null,
        1,
        1,
        0,
        null,
        null
      ],
      "/home/ubuntu/workspace/SaaSquatches/CourseAssignmentSystem-master/app/models/faculty_course.rb": [
        1,
        1,
        1,
        1,
        1,
        1,
        1,
        null,
        1,
        0,
        null,
        null,
        1,
        1,
        0,
        0,
        0,
        null,
        null,
        null,
        null
      ],
      "/home/ubuntu/workspace/SaaSquatches/CourseAssignmentSystem-master/app/models/semester.rb": [
        1,
        1,
        1,
        1,
        1,
        1,
        null,
        1,
        null,
        null,
        null,
        null,
        null,
        null,
        null,
        null,
        null,
        null,
        null,
        null,
        null,
        null,
        null,
        null,
        null,
        null,
        null,
        null,
        null,
        null,
        null,
        null,
        null,
        null,
        null,
        null,
        null,
        null,
        null,
        null,
        null,
        null,
        null,
        null,
        null,
        null,
        null,
        null,
        null,
        null,
        null,
        null,
        1,
        1,
        1,
        42,
        42,
        null,
        null,
        null
      ],
      "/home/ubuntu/workspace/SaaSquatches/CourseAssignmentSystem-master/app/models/user.rb": [
        1,
        1,
        null
      ],
      "/home/ubuntu/workspace/SaaSquatches/CourseAssignmentSystem-master/app/models/classroom_timing.rb": [
        1,
        1,
        1,
        1,
        1,
        null
      ],
      "/home/ubuntu/workspace/SaaSquatches/CourseAssignmentSystem-master/app/models/building.rb": [
        1,
        1,
        1,
        1,
        1,
        1,
        null
      ],
      "/home/ubuntu/workspace/SaaSquatches/CourseAssignmentSystem-master/app/models/room.rb": [
        1,
        1,
        1,
        1,
        null
      ],
      "/home/ubuntu/workspace/SaaSquatches/CourseAssignmentSystem-master/app/models/time_slot.rb": [
        1,
        1,
        1,
        1,
        1,
        1,
        null
      ],
      "/home/ubuntu/workspace/SaaSquatches/CourseAssignmentSystem-master/app/models/day_combination.rb": [
        1,
        1,
        1,
        1,
        1,
        1,
        1,
        null
      ],
      "/home/ubuntu/workspace/SaaSquatches/CourseAssignmentSystem-master/app/models/time_range.rb": [
        1,
        1,
        null
      ],
      "/home/ubuntu/workspace/SaaSquatches/CourseAssignmentSystem-master/app/models/faculty_preference.rb": [
        1,
        1,
        1,
        1,
        1,
        1,
        1,
        null
      ],
      "/home/ubuntu/workspace/SaaSquatches/CourseAssignmentSystem-master/app/models/preference.rb": [
        1,
        1,
        1,
        1,
        1,
        1,
        1,
        1,
        null,
        null
      ],
      "/home/ubuntu/workspace/SaaSquatches/CourseAssignmentSystem-master/app/models/course.rb": [
        1,
        1,
        1,
        1,
        null
      ],
      "/home/ubuntu/workspace/SaaSquatches/CourseAssignmentSystem-master/app/models/faculty.rb": [
        1,
        1,
        1,
        1,
        null
      ],
      "/home/ubuntu/workspace/SaaSquatches/CourseAssignmentSystem-master/app/models/course_assignment.rb": [
        1,
        1,
        1,
        1,
        1,
        1,
        1,
        null
      ]
    },
    "timestamp": 1460518290
  }
}
